<?xml version="1.0" encoding="UTF-8"?>
<!-- Generated by org.testng.reporters.JUnitXMLReporter -->
<testsuite ignored="0" hostname="LAPTOP-ER81FAOP" failures="0" tests="5" name="ChromeTest" time="83.963" errors="0" timestamp="2023-02-26T00:29:14 IST">
  <testcase classname="testNgTest.TestNgClass1" name="VerifyElectricityBill" time="11.808"/>
  <testcase classname="testNgTest.TestNgClass2" name="VerifyAddToCart" time="23.521"/>
  <testcase classname="testNgTest.TestNgClass2" name="VerifyBuyNow" time="8.684"/>
  <testcase classname="testNgTest.TestNgClass1" name="VerifyMobileRechagre" time="8.626"/>
  <testcase classname="testNgTest.TestNgClass1" name="VerifyTrainTicket" time="6.521"/>
</testsuite> <!-- ChromeTest -->
