<?xml version="1.0" encoding="UTF-8"?>
<!-- Generated by org.testng.reporters.JUnitXMLReporter -->
<testsuite ignored="1" hostname="LAPTOP-ER81FAOP" failures="0" tests="1" name="Test" time="0.059" errors="0" timestamp="2023-02-09T18:26:16 IST">
  <testcase classname="testNgTest.TestNgClass2" name="@BeforeTest LauchBrowser" time="-1.675947375985E9">
    <failure type="org.testng.TestNGException" message="
Parameter &amp;apos;browser&amp;apos; is required by BeforeTest on method LauchBrowser but has not been marked @Optional or defined
in C:\Users\HOME\eclipse-workspace\Amazon1234\Verificationamazon.xml">
      <![CDATA[org.testng.TestNGException: 
Parameter 'browser' is required by BeforeTest on method LauchBrowser but has not been marked @Optional or defined
in C:\Users\HOME\eclipse-workspace\Amazon1234\Verificationamazon.xml
... Removed 21 stack frames]]>
    </failure>
  </testcase> <!-- @BeforeTest LauchBrowser -->
  <testcase classname="testNgTest.TestNgClass2" name="@BeforeClass ctreatePOMObjects" time="-1.675947376009E9">
    <skipped/>
  </testcase> <!-- @BeforeClass ctreatePOMObjects -->
  <testcase classname="testNgTest.TestNgClass2" name="@BeforeMethod goToHomePage" time="-1.675947376025E9">
    <skipped/>
  </testcase> <!-- @BeforeMethod goToHomePage -->
  <testcase classname="testNgTest.TestNgClass2" name="@AfterMethod LogOutPage" time="-1.67594737603E9">
    <skipped/>
  </testcase> <!-- @AfterMethod LogOutPage -->
  <testcase classname="testNgTest.TestNgClass2" name="@AfterClass clearPOMObjects" time="-1.675947376034E9">
    <skipped/>
  </testcase> <!-- @AfterClass clearPOMObjects -->
  <testcase classname="testNgTest.TestNgClass2" name="@AfterTest closedbrowser" time="-1.675947376037E9">
    <skipped/>
  </testcase> <!-- @AfterTest closedbrowser -->
  <testcase classname="testNgTest.TestNgClass2" name="VerifyAddToCart" time="0.0">
    <skipped/>
  </testcase> <!-- VerifyAddToCart -->
  <testcase classname="testNgTest.TestNgClass2" name="VerifyBuyNow" time="0.0">
    <ignored/>
  </testcase> <!-- VerifyBuyNow -->
</testsuite> <!-- Test -->
