<?xml version="1.0" encoding="UTF-8"?>
<!-- Generated by org.testng.reporters.JUnitXMLReporter -->
<testsuite ignored="1" hostname="LAPTOP-ER81FAOP" failures="0" tests="1" name="ChromeTest(failed)(failed)" time="43.288" errors="0" timestamp="2023-02-23T01:43:48 IST">
  <testcase classname="testNgTest.TestNgClass2" name="VerifyBuyNow" time="9.022"/>
  <testcase classname="testNgTest.TestNgClass2" name="VerifyAddToCart" time="0.0">
    <ignored/>
  </testcase> <!-- VerifyAddToCart -->
</testsuite> <!-- ChromeTest(failed)(failed) -->
